<?xml version="1.0" encoding="UTF-8"?>
<!-- Generated by org.testng.reporters.JUnitReportReporter -->
<testsuite hostname="Slomos-MacBook-Pro.local" failures="0" tests="4" name="svc.Sauce_Lab2.SauceTest" time="63.269" errors="0" timestamp="2022-01-10T15:55:06 EST" skipped="0">
  <testcase classname="svc.Sauce_Lab2.SauceTest" name="checkInventoryItem" time="19.234"/>
  <system-out/>
  <testcase classname="svc.Sauce_Lab2.SauceTest" name="checkInventoryItem" time="13.831"/>
  <system-out/>
  <testcase classname="svc.Sauce_Lab2.SauceTest" name="checkAddToCartButton" time="17.092"/>
  <system-out/>
  <testcase classname="svc.Sauce_Lab2.SauceTest" name="checkAddToCartButton" time="13.112"/>
  <system-out/>
</testsuite> <!-- svc.Sauce_Lab2.SauceTest -->
